<?xml version="1.0" encoding="UTF-8"?>
<testng-results skipped="0" failed="0" ignored="0" total="2" passed="2">
  <reporter-output>
    <line>
      <![CDATA[PASS:Title is matching]]>
    </line>
    <line>
      <![CDATA[Oneway is selected]]>
    </line>
    <line>
      <![CDATA[3 passengers]]>
    </line>
    <line>
      <![CDATA[Depart From London]]>
    </line>
    <line>
      <![CDATA[From Date : 7 4]]>
    </line>
    <line>
      <![CDATA[Depart To Paris]]>
    </line>
    <line>
      <![CDATA[Till Date : 10 6]]>
    </line>
    <line>
      <![CDATA[Business is selected]]>
    </line>
    <line>
      <![CDATA[Selected airline is Unified Airlines]]>
    </line>
    <line>
      <![CDATA[Blue Skies Airlines$361 is selected for departing]]>
    </line>
    <line>
      <![CDATA[Blue Skies Airlines$631 is selected for returning]]>
    </line>
    <line>
      <![CDATA[PASS:Title is matching]]>
    </line>
  </reporter-output>
  <suite name="Suite" duration-ms="93766" started-at="2017-12-14T10:13:25Z" finished-at="2017-12-14T10:14:59Z">
    <groups>
    </groups>
    <test name="TestChrome" duration-ms="93766" started-at="2017-12-14T10:13:25Z" finished-at="2017-12-14T10:14:59Z">
      <class name="com.newtours.test.FlightBooking">
        <test-method status="PASS" signature="preCondition()[pri:0, instance:com.newtours.test.FlightBooking@614c5515]" name="preCondition" is-config="true" duration-ms="10689" started-at="2017-12-14T15:43:49Z" finished-at="2017-12-14T15:44:00Z">
          <reporter-output>
          </reporter-output>
        </test-method> <!-- preCondition -->
        <test-method status="PASS" signature="testFlightBooking()[pri:2, instance:com.newtours.test.FlightBooking@614c5515]" name="testFlightBooking" duration-ms="56573" started-at="2017-12-14T15:44:00Z" finished-at="2017-12-14T15:44:57Z">
          <reporter-output>
            <line>
              <![CDATA[Oneway is selected]]>
            </line>
            <line>
              <![CDATA[3 passengers]]>
            </line>
            <line>
              <![CDATA[Depart From London]]>
            </line>
            <line>
              <![CDATA[From Date : 7 4]]>
            </line>
            <line>
              <![CDATA[Depart To Paris]]>
            </line>
            <line>
              <![CDATA[Till Date : 10 6]]>
            </line>
            <line>
              <![CDATA[Business is selected]]>
            </line>
            <line>
              <![CDATA[Selected airline is Unified Airlines]]>
            </line>
            <line>
              <![CDATA[Blue Skies Airlines$361 is selected for departing]]>
            </line>
            <line>
              <![CDATA[Blue Skies Airlines$631 is selected for returning]]>
            </line>
            <line>
              <![CDATA[PASS:Title is matching]]>
            </line>
          </reporter-output>
        </test-method> <!-- testFlightBooking -->
        <test-method status="PASS" signature="postCondition()[pri:0, instance:com.newtours.test.FlightBooking@614c5515]" name="postCondition" is-config="true" duration-ms="1801" started-at="2017-12-14T15:44:57Z" finished-at="2017-12-14T15:44:59Z">
          <reporter-output>
          </reporter-output>
        </test-method> <!-- postCondition -->
      </class> <!-- com.newtours.test.FlightBooking -->
      <class name="com.newtours.test.ValidLogin">
        <test-method status="PASS" signature="preCondition()[pri:0, instance:com.newtours.test.ValidLogin@77b52d12]" name="preCondition" is-config="true" duration-ms="16491" started-at="2017-12-14T15:43:25Z" finished-at="2017-12-14T15:43:41Z">
          <reporter-output>
          </reporter-output>
        </test-method> <!-- preCondition -->
        <test-method status="PASS" signature="testValidLogin()[pri:1, instance:com.newtours.test.ValidLogin@77b52d12]" name="testValidLogin" duration-ms="5954" started-at="2017-12-14T15:43:41Z" finished-at="2017-12-14T15:43:47Z">
          <reporter-output>
            <line>
              <![CDATA[PASS:Title is matching]]>
            </line>
          </reporter-output>
        </test-method> <!-- testValidLogin -->
        <test-method status="PASS" signature="postCondition()[pri:0, instance:com.newtours.test.ValidLogin@77b52d12]" name="postCondition" is-config="true" duration-ms="2220" started-at="2017-12-14T15:43:47Z" finished-at="2017-12-14T15:43:49Z">
          <reporter-output>
          </reporter-output>
        </test-method> <!-- postCondition -->
      </class> <!-- com.newtours.test.ValidLogin -->
    </test> <!-- TestChrome -->
  </suite> <!-- Suite -->
</testng-results>
